
> chromatic-example@0.0.0 build-storybook
> ng run chromatic-example:build-storybook --output-dir C:\Users\Desktop\AppData\Local\Temp\chromatic--16576-W8NSJzNXHgzS

info => Cleaning outputDir: C:\Users\Desktop\AppData\Local\Temp\chromatic--16576-W8NSJzNXHgzS
info => Loading presets
info => Building manager..
info => Manager built (212 ms)
info => Compiling preview..
info => Copying static files: C:\Users\Desktop\Desktop\chromatic-example\node_modules\@storybook\manager\static at C:\Users\Desktop\AppData\Local\Temp\chromatic--16576-W8NSJzNXHgzS\sb-common-assets
info Addon-docs: using MDX2
info => Using implicit CSS loaders
info => Using angular browser target options from "chromatic-example:build"
info => Using angular project with "tsConfig:C:\Users\Desktop\Desktop\chromatic-example\.storybook\tsconfig.json"
info => Using default Webpack5 setup
<s> [webpack.Progress] 0% 

<s> [webpack.Progress] 1% setup before run
<s> [webpack.Progress] 1% setup before run NodeEnvironmentPlugin
<s> [webpack.Progress] 1% setup before run
<s> [webpack.Progress] 2% setup run
<s> [webpack.Progress] 2% setup run
<s> [webpack.Progress] 4% setup normal module factory
<s> [webpack.Progress] 4% setup normal module factory CaseSensitivePathsPlugin
<s> [webpack.Progress] 4% setup normal module factory
<s> [webpack.Progress] 5% setup context module factory
<s> [webpack.Progress] 5% setup context module factory
<s> [webpack.Progress] 6% setup before compile
<s> [webpack.Progress] 6% setup before compile angular-compiler
<s> [webpack.Progress] 6% setup before compile ProgressPlugin
<s> [webpack.Progress] 6% setup before compile
<s> [webpack.Progress] 7% setup compile
<s> [webpack.Progress] 7% setup compile ExternalsPlugin
<s> [webpack.Progress] 7% setup compile ExternalsPlugin
<s> [webpack.Progress] 7% setup compile
<s> [webpack.Progress] 8% setup compilation
<s> [webpack.Progress] 8% setup compilation angular-occurrences-plugin
<s> [webpack.Progress] 8% setup compilation angular-compiler
^C